c:\users\user\documents\programming\protein\prosim\binaries\x64\debug\intermediates\prosim\vc140.pdb
c:\users\user\documents\programming\protein\prosim\binaries\x64\debug\intermediates\prosim\vc140.idb
c:\users\user\documents\programming\protein\prosim\binaries\x64\debug\intermediates\prosim\main.obj
c:\users\user\documents\programming\protein\prosim\binaries\x64\debug\intermediates\prosim\angle.obj
c:\users\user\documents\programming\protein\prosim\binaries\x64\debug\intermediates\prosim\atom.obj
c:\users\user\documents\programming\protein\prosim\binaries\x64\debug\intermediates\prosim\bond.obj
c:\users\user\documents\programming\protein\prosim\binaries\x64\debug\intermediates\prosim\forcefield.obj
c:\users\user\documents\programming\protein\prosim\binaries\x64\debug\intermediates\prosim\geometry.obj
c:\users\user\documents\programming\protein\prosim\binaries\x64\debug\intermediates\prosim\vec2.obj
c:\users\user\documents\programming\protein\prosim\binaries\x64\debug\intermediates\prosim\vec3.obj
c:\users\user\documents\programming\protein\prosim\binaries\x64\debug\intermediates\prosim\vec4.obj
c:\users\user\documents\programming\protein\prosim\binaries\x64\debug\intermediates\prosim\parameters.obj
c:\users\user\documents\programming\protein\prosim\binaries\x64\debug\intermediates\prosim\pqrmolecule.obj
c:\users\user\documents\programming\protein\prosim\binaries\x64\debug\intermediates\prosim\topology.obj
c:\users\user\documents\programming\protein\prosim\binaries\x64\debug\intermediates\prosim\string.obj
c:\users\user\documents\programming\protein\prosim\binaries\x64\debug\intermediates\prosim\torsion.obj
c:\users\user\documents\programming\protein\prosim\binaries\x64\debug\intermediates\prosim\outofplane.obj
c:\users\user\documents\programming\protein\prosim\binaries\x64\debug\intermediates\prosim\energy.obj
c:\users\user\documents\programming\protein\prosim\binaries\x64\debug\intermediates\prosim\combination.obj
c:\users\user\documents\programming\protein\prosim\binaries\x64\debug\intermediates\prosim\iterationtools.obj
c:\users\user\documents\programming\protein\prosim\binaries\x64\debug\intermediates\prosim\gradient.obj
c:\users\user\documents\programming\protein\prosim\binaries\x64\debug\intermediates\prosim\simulationparameters.obj
c:\users\user\documents\programming\protein\prosim\binaries\x64\debug\intermediates\prosim\simulation.obj
c:\users\user\documents\programming\protein\prosim\binaries\x64\debug\intermediates\prosim\fileio.obj
c:\users\vikas malepati\documents\programming\protein\prosim\binaries\x64\debug\intermediates\prosim\vc140.pdb
c:\users\vikas malepati\documents\programming\protein\prosim\binaries\x64\debug\intermediates\prosim\vc140.idb
c:\users\vikas malepati\documents\programming\protein\prosim\binaries\x64\debug\intermediates\prosim\main.obj
c:\users\vikas malepati\documents\programming\protein\prosim\binaries\x64\debug\intermediates\prosim\angle.obj
c:\users\vikas malepati\documents\programming\protein\prosim\binaries\x64\debug\intermediates\prosim\atom.obj
c:\users\vikas malepati\documents\programming\protein\prosim\binaries\x64\debug\intermediates\prosim\bond.obj
c:\users\vikas malepati\documents\programming\protein\prosim\binaries\x64\debug\intermediates\prosim\energy.obj
c:\users\vikas malepati\documents\programming\protein\prosim\binaries\x64\debug\intermediates\prosim\fileio.obj
c:\users\vikas malepati\documents\programming\protein\prosim\binaries\x64\debug\intermediates\prosim\forcefield.obj
c:\users\vikas malepati\documents\programming\protein\prosim\binaries\x64\debug\intermediates\prosim\geometry.obj
c:\users\vikas malepati\documents\programming\protein\prosim\binaries\x64\debug\intermediates\prosim\gradient.obj
c:\users\vikas malepati\documents\programming\protein\prosim\binaries\x64\debug\intermediates\prosim\vec2.obj
c:\users\vikas malepati\documents\programming\protein\prosim\binaries\x64\debug\intermediates\prosim\vec3.obj
c:\users\vikas malepati\documents\programming\protein\prosim\binaries\x64\debug\intermediates\prosim\vec4.obj
c:\users\vikas malepati\documents\programming\protein\prosim\binaries\x64\debug\intermediates\prosim\outofplane.obj
c:\users\vikas malepati\documents\programming\protein\prosim\binaries\x64\debug\intermediates\prosim\simulationparameters.obj
c:\users\vikas malepati\documents\programming\protein\prosim\binaries\x64\debug\intermediates\prosim\pqrmolecule.obj
c:\users\vikas malepati\documents\programming\protein\prosim\binaries\x64\debug\intermediates\prosim\topology.obj
c:\users\vikas malepati\documents\programming\protein\prosim\binaries\x64\debug\intermediates\prosim\torsion.obj
c:\users\vikas malepati\documents\programming\protein\prosim\binaries\x64\debug\intermediates\prosim\iterationtools.obj
c:\users\vikas malepati\documents\programming\protein\prosim\binaries\x64\debug\intermediates\prosim\string.obj
c:\users\user\documents\programming\protein\prosim\binaries\x64\debug\prosim.ilk
c:\users\user\documents\programming\protein\prosim\binaries\x64\debug\prosim.exe
c:\users\user\documents\programming\protein\prosim\binaries\x64\debug\prosim.pdb
c:\users\vikas malepati\documents\programming\protein\prosim\binaries\x64\debug\intermediates\prosim\combination.obj
c:\users\vikas malepati\documents\programming\protein\prosim\binaries\x64\debug\intermediates\prosim\parameters.obj
c:\users\vikas malepati\documents\programming\protein\prosim\binaries\x64\debug\prosim.pdb
c:\users\vikas malepati\documents\programming\protein\prosim\binaries\x64\debug\prosim.exe
c:\users\vikas malepati\documents\programming\protein\prosim\binaries\x64\debug\prosim.ilk
c:\users\vikas malepati\documents\programming\protein\prosim\binaries\x64\debug\intermediates\prosim\prosim.tlog\cl.command.1.tlog
c:\users\vikas malepati\documents\programming\protein\prosim\binaries\x64\debug\intermediates\prosim\prosim.tlog\cl.read.1.tlog
c:\users\vikas malepati\documents\programming\protein\prosim\binaries\x64\debug\intermediates\prosim\prosim.tlog\cl.write.1.tlog
c:\users\vikas malepati\documents\programming\protein\prosim\binaries\x64\debug\intermediates\prosim\prosim.tlog\link.command.1.tlog
c:\users\vikas malepati\documents\programming\protein\prosim\binaries\x64\debug\intermediates\prosim\prosim.tlog\link.read.1.tlog
c:\users\vikas malepati\documents\programming\protein\prosim\binaries\x64\debug\intermediates\prosim\prosim.tlog\link.write.1.tlog
